<?xml version="1.0" encoding="UTF-8"?>
<!-- Generated by org.testng.reporters.JUnitReportReporter -->
<testsuite hostname="DESKTOP-52184BI" failures="0" tests="1" name="com.mystoreapp.test.LoginPageTest" time="0.168" errors="0" timestamp="26 Oct 2021 13:27:38 GMT" skipped="0">
  <testcase classname="com.mystoreapp.test.LoginPageTest" name="verifyLoginPageTitle" time="0.168"/>
</testsuite> <!-- com.mystoreapp.test.LoginPageTest -->
