<?xml version="1.0" encoding="UTF-8"?>
<!-- Generated by org.testng.reporters.JUnitReportReporter -->
<testsuite hostname="DESKTOP-52184BI" failures="0" tests="4" name="com.freecrm.test.LoginPageTest" time="4.551" errors="0" timestamp="26 Oct 2021 13:55:42 GMT" skipped="0">
  <testcase classname="com.freecrm.test.LoginPageTest" name="verifyLoginPageTitle" time="0.099"/>
  <testcase classname="com.freecrm.test.LoginPageTest" name="verifyFreeCRMLogoIsDisplayed" time="3.077"/>
  <testcase classname="com.freecrm.test.LoginPageTest" name="verifyLogInBtnIsDisplayed" time="0.040"/>
  <testcase classname="com.freecrm.test.LoginPageTest" name="verifyLogInBtnlick" time="1.335"/>
</testsuite> <!-- com.freecrm.test.LoginPageTest -->
